* using log directory 'C:/Users/danie/OneDrive/Documents/GitHub/stat133/workouts/binomial.Rcheck'
* using R version 3.5.2 (2018-12-20)
* using platform: x86_64-w64-mingw32 (64-bit)
* using session charset: ISO8859-1
* using options '--no-manual --as-cran'
* checking for file 'binomial/DESCRIPTION' ... OK
* checking extension type ... Package
* this is package 'binomial' version '0.1.0'
* package encoding: UTF-8
* checking package namespace information ... OK
* checking package dependencies ... OK
* checking if this is a source package ... OK
* checking if there is a namespace ... OK
* checking for executable files ... OK
* checking for hidden files and directories ... OK
* checking for portable file names ... OK
* checking serialization versions ... OK
* checking whether package 'binomial' can be installed ... ERROR
Installation failed.
See 'C:/Users/danie/OneDrive/Documents/GitHub/stat133/workouts/binomial.Rcheck/00install.out' for details.
* DONE
Status: 1 ERROR
